2018-04-24 16:31:42,339 [      0]   INFO -        #com.intellij.idea.Main - ------------------------------------------------------ IDE STARTED ------------------------------------------------------ 
2018-04-24 16:31:42,669 [    330]   INFO -        #com.intellij.idea.Main - IDE: IntelliJ IDEA (build #IC-181.4445.78, 09 Apr 2018 13:42) 
2018-04-24 16:31:42,669 [    330]   INFO -        #com.intellij.idea.Main - OS: Windows 10 (10.0, amd64) 
2018-04-24 16:31:42,669 [    330]   INFO -        #com.intellij.idea.Main - JRE: 1.8.0_152-release-1136-b27 (JetBrains s.r.o) 
2018-04-24 16:31:42,669 [    330]   INFO -        #com.intellij.idea.Main - JVM: 25.152-b27 (OpenJDK 64-Bit Server VM) 
2018-04-24 16:31:42,675 [    336]   INFO -        #com.intellij.idea.Main - JVM Args: -Didea.classpath.index.enabled=false -Didea.config.path=C:\Users\Kevan\IdeaProjects\fancycamper\build\idea-sandbox\config -Didea.is.internal=true -Didea.platform.prefix=Idea -Didea.plugins.path=C:\Users\Kevan\IdeaProjects\fancycamper\build\idea-sandbox\plugins -Didea.required.plugins.id=com.kevmor.fancycamper -Didea.system.path=C:\Users\Kevan\IdeaProjects\fancycamper\build\idea-sandbox\system -XX:MaxPermSize=250m -Xms256m -Xmx512m -Dfile.encoding=windows-1252 -Duser.country=US -Duser.language=en -Duser.variant -ea 
2018-04-24 16:31:42,676 [    337]   INFO -        #com.intellij.idea.Main - ext: C:\Users\Kevan\.gradle\caches\modules-2\files-2.1\com.jetbrains\jbre\jbrex8u152b1136.27_windows_x64\jre\lib\ext: [access-bridge-64.jar, cldrdata.jar, dnsns.jar, jaccess.jar, jfxrt.jar, localedata.jar, meta-index, nashorn.jar, sunec.jar, sunjce_provider.jar, sunmscapi.jar, sunpkcs11.jar, zipfs.jar] 
2018-04-24 16:31:42,676 [    337]   INFO -        #com.intellij.idea.Main - JNU charset: Cp1252 
2018-04-24 16:31:42,778 [    439]   INFO -        #com.intellij.idea.Main - JNA library (64-bit) loaded in 101 ms 
2018-04-24 16:31:42,785 [    446]   INFO - penapi.util.io.win32.IdeaWin32 - Native filesystem for Windows is operational 
2018-04-24 16:31:42,851 [    512]   INFO -     #com.intellij.util.ui.JBUI - User scale factor: 1.0 
2018-04-24 16:31:42,851 [    512]   INFO -     #com.intellij.util.ui.JBUI - System scale factor: 1.5 (JRE-managed HiDPI) 
2018-04-24 16:31:44,071 [   1732]   WARN -     #com.intellij.ui.AppUIUtil -  
java.lang.reflect.InvocationTargetException
	at java.awt.EventQueue.invokeAndWait(EventQueue.java:1327)
	at java.awt.EventQueue.invokeAndWait(EventQueue.java:1302)
	at javax.swing.SwingUtilities.invokeAndWait(SwingUtilities.java:1348)
	at com.intellij.ui.AppUIUtil.showUserAgreementAndConsentsIfNeeded(AppUIUtil.java:272)
	at com.intellij.idea.StartupUtil.prepareAndStart(StartupUtil.java:142)
	at com.intellij.idea.MainImpl.start(MainImpl.java:34)
	at sun.reflect.NativeMethodAccessorImpl.invoke0(Native Method)
	at sun.reflect.NativeMethodAccessorImpl.invoke(NativeMethodAccessorImpl.java:62)
	at sun.reflect.DelegatingMethodAccessorImpl.invoke(DelegatingMethodAccessorImpl.java:43)
	at java.lang.reflect.Method.invoke(Method.java:498)
	at com.intellij.ide.plugins.PluginManager.lambda$start$0(PluginManager.java:77)
	at java.lang.Thread.run(Thread.java:745)
Caused by: java.lang.NullPointerException
	at com.intellij.openapi.wm.WindowManager.getInstance(WindowManager.java:61)
	at com.intellij.openapi.wm.ex.WindowManagerEx.getInstanceEx(WindowManagerEx.java:40)
	at com.intellij.ui.AppUIUtil.confirmConsentOptions(AppUIUtil.java:372)
	at com.intellij.ui.AppUIUtil.lambda$showUserAgreementAndConsentsIfNeeded$3(AppUIUtil.java:272)
	at java.awt.event.InvocationEvent.dispatch(InvocationEvent.java:301)
	at java.awt.EventQueue.dispatchEventImpl(EventQueue.java:762)
	at java.awt.EventQueue.access$500(EventQueue.java:98)
	at java.awt.EventQueue$3.run(EventQueue.java:715)
	at java.awt.EventQueue$3.run(EventQueue.java:709)
	at java.security.AccessController.doPrivileged(Native Method)
	at java.security.ProtectionDomain$JavaSecurityAccessImpl.doIntersectionPrivilege(ProtectionDomain.java:80)
	at java.awt.EventQueue.dispatchEvent(EventQueue.java:732)
	at java.awt.EventDispatchThread.pumpOneEventForFilters(EventDispatchThread.java:201)
	at java.awt.EventDispatchThread.pumpEventsForFilter(EventDispatchThread.java:116)
	at java.awt.EventDispatchThread.pumpEventsForHierarchy(EventDispatchThread.java:105)
	at java.awt.EventDispatchThread.pumpEvents(EventDispatchThread.java:101)
	at java.awt.EventDispatchThread.pumpEvents(EventDispatchThread.java:93)
	at java.awt.EventDispatchThread.run(EventDispatchThread.java:82)
2018-04-24 16:31:44,111 [   1772]   INFO - .intellij.idea.IdeaApplication - CPU cores: 8; ForkJoinPool.commonPool: java.util.concurrent.ForkJoinPool@6baba680[Running, parallelism = 7, size = 0, active = 0, running = 0, steals = 0, tasks = 0, submissions = 0]; factory: com.intellij.concurrency.IdeaForkJoinWorkerThreadFactory@4d9ec5e1 
2018-04-24 16:31:45,688 [   3349]   INFO - llij.ide.plugins.PluginManager - Cannot find optional descriptor duplicates-groovy.xml 
2018-04-24 16:31:46,616 [   4277]   INFO - llij.ide.plugins.PluginManager - 35 plugins initialized in 1684 ms 
2018-04-24 16:31:46,646 [   4307]   INFO - llij.ide.plugins.PluginManager - Loaded bundled plugins: Android Support (10.3.0), Ant Support (1.0), Bytecode Viewer (0.1), CVS Integration (11), Copyright (8.1), Coverage (181.4445.78), Eclipse Integration (3.0), EditorConfig (181.4445.78), Git Integration (8.1), GitHub (181.4445.78), Gradle (181.4445.78), Groovy (9.0), I18n for Java (181.4445.78), IDEA CORE (181.4445.78), IntelliLang (8.0), JUnit (1.0), Java Bytecode Decompiler (181.4445.78), Java Stream Debugger (181.4445.78), JavaFX (1.0), Kotlin (1.2.31-release-IJ2018.1-1), Maven Integration (181.4445.78), Mercurial Integration (10.0), Plugin DevKit (1.0), Properties Support (181.4445.78), Settings Repository (181.4445.78), Smali Support (1.0), Subversion Integration (1.1), Task Management (1.0), Terminal (0.1), TestNG-J (8.0), UI Designer (181.4445.78), XPathView + XSLT Support (4), XSLT-Debugger (1.4), YAML (181.4445.78) 
2018-04-24 16:31:46,646 [   4307]   INFO - llij.ide.plugins.PluginManager - Loaded custom plugins: Plugin display name here (1.0-SNAPSHOT) 
2018-04-24 16:31:49,134 [   6795]   INFO - ellij.vfs.persistent.FSRecords - Marking VFS as corrupted: 'C:\Users\Kevan\IdeaProjects\fancycamper\build\idea-sandbox\system\caches\names.dat' does not exist 
2018-04-24 16:31:49,137 [   6798]   INFO - ellij.util.io.PagedFileStorage - lower=100; upper=435; buffer=10; max=435 
2018-04-24 16:31:49,208 [   6869]   INFO - pl.local.NativeFileWatcherImpl - Starting file watcher: C:\Users\Kevan\.gradle\caches\modules-2\files-2.1\com.jetbrains.intellij.idea\ideaIC\2018.1.1\a16155434ed1005cff114e67172b6bf09b7456b5\ideaIC-2018.1.1\bin\win\fsnotifier64.exe 
2018-04-24 16:31:49,252 [   6913]   INFO - pl.local.NativeFileWatcherImpl - Native file watcher is operational. 
2018-04-24 16:31:50,071 [   7732]   WARN - nSystem.impl.ActionManagerImpl - keymap "Xcode" not found [Plugin: Git4Idea] 
2018-04-24 16:31:50,106 [   7767]   WARN - nSystem.impl.ActionManagerImpl - keymap "Xcode" not found [Plugin: hg4idea] 
2018-04-24 16:31:50,223 [   7884]   INFO - .history.utils.LocalHistoryLog - local history version mismatch (was: 0, expected: 6), rebuilding... 
2018-04-24 16:31:50,223 [   7884]   INFO - .history.utils.LocalHistoryLog - FS has been rebuild, rebuilding local history... 
2018-04-24 16:31:50,747 [   8408]   INFO - .openapi.application.Preloader - Finished preloading com.intellij.ide.ui.OptionsTopHitProvider$Activity@412821f 
2018-04-24 16:31:50,895 [   8556]   INFO - til.net.ssl.CertificateManager - Default SSL context initialized 
2018-04-24 16:31:50,938 [   8599]   INFO - rains.ide.BuiltInServerManager - built-in server started, port 63343 
2018-04-24 16:31:51,012 [   8673]   INFO - gs.impl.UpdateCheckerComponent - channel: release 
2018-04-24 16:31:51,736 [   9397]   INFO - il.indexing.FileBasedIndexImpl - Index exts enumerated:640, number of extensions:44 
2018-04-24 16:31:51,783 [   9444]   INFO - il.indexing.FileBasedIndexImpl - Index scheduled:46 
2018-04-24 16:31:52,380 [  10041]   INFO - tellij.psi.stubs.StubIndexImpl - All stub exts enumerated:594, number of extensions:49 
2018-04-24 16:31:52,381 [  10042]   INFO - tellij.psi.stubs.StubIndexImpl - stub exts update scheduled:0 
2018-04-24 16:31:52,795 [  10456]   INFO - ij.psi.stubs.StubUpdatingIndex - Following new file types will be indexed:HTML,kotlin_builtins,CLASS,XML,KJSM,Kotlin,JAVA,Groovy,Properties 
2018-04-24 16:31:53,511 [  11172]   INFO - plication.impl.ApplicationImpl - 89 application components initialized in 8588ms 
2018-04-24 16:31:53,535 [  11196]   INFO - .intellij.idea.IdeaApplication - App initialization took 13015 ms 
2018-04-24 16:31:53,536 [  11197]   INFO - llij.ide.plugins.PluginManager - org.jetbrains.kotlin loaded 786 classes 
2018-04-24 16:31:53,536 [  11197]   INFO - llij.ide.plugins.PluginManager - org.jetbrains.android loaded 322 classes 
2018-04-24 16:31:53,536 [  11197]   INFO - llij.ide.plugins.PluginManager - org.intellij.groovy loaded 184 classes 
2018-04-24 16:31:53,536 [  11197]   INFO - llij.ide.plugins.PluginManager - org.jetbrains.idea.maven loaded 68 classes 
2018-04-24 16:31:53,536 [  11197]   INFO - llij.ide.plugins.PluginManager - CVS loaded 56 classes 
2018-04-24 16:31:53,537 [  11198]   INFO - llij.ide.plugins.PluginManager - Git4Idea loaded 41 classes 
2018-04-24 16:31:53,537 [  11198]   INFO - llij.ide.plugins.PluginManager - com.intellij.uiDesigner loaded 38 classes 
2018-04-24 16:31:53,537 [  11198]   INFO - llij.ide.plugins.PluginManager - org.jetbrains.settingsRepository loaded 34 classes 
2018-04-24 16:31:53,537 [  11198]   INFO - llij.ide.plugins.PluginManager - hg4idea loaded 32 classes 
2018-04-24 16:31:53,537 [  11198]   INFO - llij.ide.plugins.PluginManager - com.intellij.tasks loaded 31 classes 
2018-04-24 16:31:53,537 [  11198]   INFO - llij.ide.plugins.PluginManager - com.intellij.properties loaded 30 classes 
2018-04-24 16:31:53,537 [  11198]   INFO - llij.ide.plugins.PluginManager - Subversion loaded 29 classes 
2018-04-24 16:31:53,537 [  11198]   INFO - llij.ide.plugins.PluginManager - org.jetbrains.plugins.github loaded 19 classes 
2018-04-24 16:31:53,537 [  11198]   INFO - llij.ide.plugins.PluginManager - AntSupport loaded 18 classes 
2018-04-24 16:31:53,537 [  11198]   INFO - llij.ide.plugins.PluginManager - DevKit loaded 16 classes 
2018-04-24 16:31:53,537 [  11198]   INFO - llij.ide.plugins.PluginManager - org.jetbrains.plugins.gradle loaded 16 classes 
2018-04-24 16:31:53,537 [  11198]   INFO - llij.ide.plugins.PluginManager - XPathView loaded 16 classes 
2018-04-24 16:31:53,537 [  11198]   INFO - llij.ide.plugins.PluginManager - org.jetbrains.plugins.yaml loaded 13 classes 
2018-04-24 16:31:53,537 [  11198]   INFO - llij.ide.plugins.PluginManager - org.jetbrains.plugins.javaFX loaded 12 classes 
2018-04-24 16:31:53,537 [  11198]   INFO - llij.ide.plugins.PluginManager - org.jetbrains.java.decompiler loaded 7 classes 
2018-04-24 16:31:53,537 [  11198]   INFO - llij.ide.plugins.PluginManager - com.android.tools.idea.smali loaded 5 classes 
2018-04-24 16:31:53,537 [  11198]   INFO - llij.ide.plugins.PluginManager - com.intellij.copyright loaded 3 classes 
2018-04-24 16:31:53,537 [  11198]   INFO - llij.ide.plugins.PluginManager - com.intellij.java-i18n loaded 3 classes 
2018-04-24 16:31:53,537 [  11198]   INFO - llij.ide.plugins.PluginManager - ByteCodeViewer loaded 2 classes 
2018-04-24 16:31:53,537 [  11198]   INFO - llij.ide.plugins.PluginManager - Coverage loaded 2 classes 
2018-04-24 16:31:53,537 [  11198]   INFO - llij.ide.plugins.PluginManager - org.jetbrains.idea.eclipse loaded 2 classes 
2018-04-24 16:31:54,146 [  11807]   INFO - pi.util.registry.RegistryValue - Registry value 'java.completion.argument.hints' has changed to 'false" 
2018-04-24 16:31:54,146 [  11807]   INFO - pi.util.registry.RegistryValue - Registry value 'java.completion.argument.hints.internal' has changed to 'false" 
2018-04-24 16:31:54,197 [  11858]   INFO - com.intellij.ide.ui.UISettings - Loaded: fontSize=12, fontScale=1.0; restored: fontSize=12, fontScale=1.0 
2018-04-24 16:31:54,428 [  12089]   INFO - pl$FileIndexDataInitialization - Initialization done:2645 
2018-04-24 16:31:54,745 [  12406]   INFO - j.ide.ui.OptionsTopHitProvider - 997 ms spent to cache options in application 
2018-04-24 16:31:54,970 [  12631]   INFO - .openapi.application.Preloader - Finished preloading com.intellij.openapi.actionSystem.impl.ActionPreloader@6a6866ed 
2018-04-24 16:31:55,809 [  13470]   INFO - dea.updater.SdkComponentSource - Downloading https://dl.google.com/android/repository/repository2-1.xml 
2018-04-24 16:31:55,814 [  13475]   INFO - exImpl$StubIndexInitialization - Initialization done:1385 
2018-04-24 16:31:56,705 [  14366]   INFO - dea.updater.SdkComponentSource - Downloading https://dl.google.com/android/repository/addons_list-3.xml 
2018-04-24 16:31:56,860 [  14521]   INFO - dea.updater.SdkComponentSource - Downloading https://dl.google.com/android/repository/sys-img/android/sys-img2-1.xml 
2018-04-24 16:31:56,917 [  14578]   INFO - .openapi.application.Preloader - Finished preloading com.intellij.ide.ui.search.SearchableOptionPreloader@2a98aca3 
2018-04-24 16:31:57,126 [  14787]   INFO - dea.updater.SdkComponentSource - Downloading https://dl.google.com/android/repository/sys-img/android-wear/sys-img2-1.xml 
2018-04-24 16:31:57,194 [  14855]   INFO - .openapi.application.Preloader - Finished preloading com.intellij.codeInsight.completion.CompletionPreloader@d65bb14 
2018-04-24 16:31:57,198 [  14859]   INFO - .openapi.application.Preloader - Finished preloading com.intellij.ide.actions.GotoClassPresentationUpdater@69300229 
2018-04-24 16:31:57,307 [  14968]   INFO - dea.updater.SdkComponentSource - Downloading https://dl.google.com/android/repository/sys-img/android-wear-cn/sys-img2-1.xml 
2018-04-24 16:31:57,912 [  15573]   INFO - dea.updater.SdkComponentSource - Downloading https://dl.google.com/android/repository/sys-img/android-tv/sys-img2-1.xml 
2018-04-24 16:31:58,097 [  15758]   INFO - dea.updater.SdkComponentSource - Downloading https://dl.google.com/android/repository/sys-img/google_apis/sys-img2-1.xml 
2018-04-24 16:31:58,296 [  15957]   INFO - dea.updater.SdkComponentSource - Downloading https://dl.google.com/android/repository/sys-img/google_apis_playstore/sys-img2-1.xml 
2018-04-24 16:31:58,514 [  16175]   INFO - dea.updater.SdkComponentSource - Downloading https://dl.google.com/android/repository/addon2-1.xml 
2018-04-24 16:31:59,135 [  16796]   INFO - dea.updater.SdkComponentSource - Downloading https://dl.google.com/android/repository/glass/addon2-1.xml 
2018-04-24 16:31:59,299 [  16960]   INFO - dea.updater.SdkComponentSource - Downloading https://dl.google.com/android/repository/extras/intel/addon2-1.xml 
2018-04-24 16:31:59,590 [  17251]   WARN - dea.updater.SdkComponentSource - File C:\Users\Kevan\.android\repositories.cfg could not be loaded. 
